<?xml version="1.0" encoding="UTF-8"?>
<testng-results ignored="6" total="9" passed="2" failed="1" skipped="0">
  <reporter-output>
  </reporter-output>
  <suite started-at="2022-07-12T13:16:09 IST" name="Suite" finished-at="2022-07-12T13:17:44 IST" duration-ms="95569">
    <groups>
    </groups>
    <test started-at="2022-07-12T13:16:09 IST" name="Test" finished-at="2022-07-12T13:17:44 IST" duration-ms="95569">
      <class name="com.Vtiger.TestCases.TC02_CreateOrg_DD">
        <test-method is-config="true" signature="launchBrowser()[pri:0, instance:com.Vtiger.TestCases.TC02_CreateOrg_DD@235ecd9f]" started-at="2022-07-12T13:16:33 IST" name="launchBrowser" finished-at="2022-07-12T13:16:34 IST" duration-ms="1518" status="PASS">
          <reporter-output>
          </reporter-output>
        </test-method> <!-- launchBrowser -->
        <test-method is-config="true" signature="login()[pri:0, instance:com.Vtiger.TestCases.TC02_CreateOrg_DD@235ecd9f]" started-at="2022-07-12T13:16:34 IST" name="login" finished-at="2022-07-12T13:16:37 IST" duration-ms="2117" status="PASS">
          <reporter-output>
          </reporter-output>
        </test-method> <!-- login -->
        <test-method signature="createorg_dd()[pri:0, instance:com.Vtiger.TestCases.TC02_CreateOrg_DD@235ecd9f]" started-at="2022-07-12T13:16:37 IST" name="createorg_dd" finished-at="2022-07-12T13:16:52 IST" duration-ms="15100" status="PASS">
          <reporter-output>
          </reporter-output>
        </test-method> <!-- createorg_dd -->
        <test-method is-config="true" signature="logout()[pri:0, instance:com.Vtiger.TestCases.TC02_CreateOrg_DD@235ecd9f]" started-at="2022-07-12T13:16:52 IST" name="logout" finished-at="2022-07-12T13:16:54 IST" duration-ms="2022" status="PASS">
          <reporter-output>
          </reporter-output>
        </test-method> <!-- logout -->
      </class> <!-- com.Vtiger.TestCases.TC02_CreateOrg_DD -->
      <class name="com.Vtiger.TestCases.TC01_CreateOrg">
        <test-method is-config="true" signature="connecttoDB()[pri:0, instance:com.Vtiger.TestCases.TC01_CreateOrg@3e8c3cb]" started-at="2022-07-12T13:16:09 IST" name="connecttoDB" finished-at="2022-07-12T13:16:09 IST" duration-ms="5" status="PASS">
          <reporter-output>
          </reporter-output>
        </test-method> <!-- connecttoDB -->
        <test-method is-config="true" signature="launchBrowser()[pri:0, instance:com.Vtiger.TestCases.TC01_CreateOrg@3e8c3cb]" started-at="2022-07-12T13:16:09 IST" name="launchBrowser" finished-at="2022-07-12T13:16:11 IST" duration-ms="2409" status="PASS">
          <reporter-output>
          </reporter-output>
        </test-method> <!-- launchBrowser -->
        <test-method is-config="true" signature="login()[pri:0, instance:com.Vtiger.TestCases.TC01_CreateOrg@3e8c3cb]" started-at="2022-07-12T13:16:11 IST" name="login" finished-at="2022-07-12T13:16:13 IST" duration-ms="1792" status="PASS">
          <reporter-output>
          </reporter-output>
        </test-method> <!-- login -->
        <test-method signature="createorg()[pri:0, instance:com.Vtiger.TestCases.TC01_CreateOrg@3e8c3cb]" started-at="2022-07-12T13:16:13 IST" name="createorg" finished-at="2022-07-12T13:16:31 IST" duration-ms="17585" status="FAIL">
          <exception class="java.lang.AssertionError">
            <message>
              <![CDATA[expected [false] but found [true]]]>
            </message>
            <full-stacktrace>
              <![CDATA[java.lang.AssertionError: expected [false] but found [true]
at org.testng.Assert.fail(Assert.java:99)
at org.testng.Assert.failNotEquals(Assert.java:1037)
at org.testng.Assert.assertFalse(Assert.java:67)
at org.testng.Assert.assertFalse(Assert.java:77)
at com.Vtiger.TestCases.TC01_CreateOrg.createorg(TC01_CreateOrg.java:46)
at java.base/jdk.internal.reflect.NativeMethodAccessorImpl.invoke0(Native Method)
at java.base/jdk.internal.reflect.NativeMethodAccessorImpl.invoke(NativeMethodAccessorImpl.java:77)
at java.base/jdk.internal.reflect.DelegatingMethodAccessorImpl.invoke(DelegatingMethodAccessorImpl.java:43)
at java.base/java.lang.reflect.Method.invoke(Method.java:568)
at org.testng.internal.MethodInvocationHelper.invokeMethod(MethodInvocationHelper.java:133)
at org.testng.internal.TestInvoker.invokeMethod(TestInvoker.java:598)
at org.testng.internal.TestInvoker.invokeTestMethod(TestInvoker.java:173)
at org.testng.internal.MethodRunner.runInSequence(MethodRunner.java:46)
at org.testng.internal.TestInvoker$MethodInvocationAgent.invoke(TestInvoker.java:824)
at org.testng.internal.TestInvoker.invokeTestMethods(TestInvoker.java:146)
at org.testng.internal.TestMethodWorker.invokeTestMethods(TestMethodWorker.java:146)
at org.testng.internal.TestMethodWorker.run(TestMethodWorker.java:128)
at java.base/java.util.ArrayList.forEach(ArrayList.java:1511)
at org.testng.TestRunner.privateRun(TestRunner.java:794)
at org.testng.TestRunner.run(TestRunner.java:596)
at org.testng.SuiteRunner.runTest(SuiteRunner.java:377)
at org.testng.SuiteRunner.runSequentially(SuiteRunner.java:371)
at org.testng.SuiteRunner.privateRun(SuiteRunner.java:332)
at org.testng.SuiteRunner.run(SuiteRunner.java:276)
at org.testng.SuiteRunnerWorker.runSuite(SuiteRunnerWorker.java:53)
at org.testng.SuiteRunnerWorker.run(SuiteRunnerWorker.java:96)
at org.testng.TestNG.runSuitesSequentially(TestNG.java:1212)
at org.testng.TestNG.runSuitesLocally(TestNG.java:1134)
at org.testng.TestNG.runSuites(TestNG.java:1063)
at org.testng.TestNG.run(TestNG.java:1031)
at org.testng.remote.AbstractRemoteTestNG.run(AbstractRemoteTestNG.java:115)
at org.testng.remote.RemoteTestNG.initAndRun(RemoteTestNG.java:251)
at org.testng.remote.RemoteTestNG.main(RemoteTestNG.java:77)
]]>
            </full-stacktrace>
          </exception> <!-- java.lang.AssertionError -->
          <reporter-output>
          </reporter-output>
        </test-method> <!-- createorg -->
        <test-method is-config="true" signature="logout()[pri:0, instance:com.Vtiger.TestCases.TC01_CreateOrg@3e8c3cb]" started-at="2022-07-12T13:16:31 IST" name="logout" finished-at="2022-07-12T13:16:33 IST" duration-ms="2062" status="PASS">
          <reporter-output>
          </reporter-output>
        </test-method> <!-- logout -->
        <test-method is-config="true" signature="closeBrowser()[pri:0, instance:com.Vtiger.TestCases.TC01_CreateOrg@3e8c3cb]" started-at="2022-07-12T13:17:34 IST" name="closeBrowser" finished-at="2022-07-12T13:17:44 IST" duration-ms="10081" status="PASS">
          <reporter-output>
          </reporter-output>
        </test-method> <!-- closeBrowser -->
        <test-method is-config="true" signature="disConnectDB()[pri:0, instance:com.Vtiger.TestCases.TC01_CreateOrg@3e8c3cb]" started-at="2022-07-12T13:17:45 IST" name="disConnectDB" finished-at="2022-07-12T13:17:45 IST" duration-ms="0" status="PASS">
          <reporter-output>
          </reporter-output>
        </test-method> <!-- disConnectDB -->
      </class> <!-- com.Vtiger.TestCases.TC01_CreateOrg -->
      <class name="com.Vtiger.TestCases.TC03_CreateContact_org">
        <test-method is-config="true" signature="launchBrowser()[pri:0, instance:com.Vtiger.TestCases.TC03_CreateContact_org@1ca3b418]" started-at="2022-07-12T13:16:54 IST" name="launchBrowser" finished-at="2022-07-12T13:16:55 IST" duration-ms="1490" status="PASS">
          <reporter-output>
          </reporter-output>
        </test-method> <!-- launchBrowser -->
        <test-method is-config="true" signature="login()[pri:0, instance:com.Vtiger.TestCases.TC03_CreateContact_org@1ca3b418]" started-at="2022-07-12T13:16:55 IST" name="login" finished-at="2022-07-12T13:16:57 IST" duration-ms="1903" status="PASS">
          <reporter-output>
          </reporter-output>
        </test-method> <!-- login -->
        <test-method signature="createcontact_org()[pri:0, instance:com.Vtiger.TestCases.TC03_CreateContact_org@1ca3b418]" started-at="2022-07-12T13:16:57 IST" name="createcontact_org" finished-at="2022-07-12T13:17:32 IST" duration-ms="34582" status="PASS">
          <reporter-output>
          </reporter-output>
        </test-method> <!-- createcontact_org -->
        <test-method is-config="true" signature="logout()[pri:0, instance:com.Vtiger.TestCases.TC03_CreateContact_org@1ca3b418]" started-at="2022-07-12T13:17:32 IST" name="logout" finished-at="2022-07-12T13:17:34 IST" duration-ms="2479" status="PASS">
          <reporter-output>
          </reporter-output>
        </test-method> <!-- logout -->
      </class> <!-- com.Vtiger.TestCases.TC03_CreateContact_org -->
    </test> <!-- Test -->
  </suite> <!-- Suite -->
</testng-results>
